<?xml version="1.0" encoding="UTF-8"?>
<!-- Generated by org.testng.reporters.JUnitReportReporter -->
<testsuite hostname="DESKTOP-5AIFGKM" failures="0" tests="1" name="practice.Login" time="5.346" errors="0" timestamp="2023-09-28T16:35:45 IST" skipped="0">
  <testcase classname="practice.Login" name="login" time="5.346"/>
  <system-out/>
</testsuite> <!-- practice.Login -->
